{
  "RSpec": {
    "coverage": {
      "/home/ec2-user/environment/codebreaker_new/lib/validator.rb": [
        1,
        1,
        5,
        null,
        null,
        1,
        26,
        null,
        null,
        1,
        5,
        null,
        null,
        1,
        5,
        5,
        null,
        null
      ],
      "/home/ec2-user/environment/codebreaker_new/lib/loader.rb": [
        1,
        1,
        1,
        1,
        null,
        null,
        1,
        1,
        null,
        null,
        null,
        null,
        null,
        1,
        2,
        null,
        null
      ],
      "/home/ec2-user/environment/codebreaker_new/lib/console.rb": [
        1,
        1,
        null,
        1,
        1,
        null,
        1,
        null,
        null,
        null,
        null,
        null,
        null,
        1,
        null,
        null,
        null,
        null,
        null,
        null,
        1,
        8,
        null,
        null,
        1,
        1,
        1,
        1,
        1,
        null,
        null,
        null,
        1,
        6,
        1,
        1,
        1,
        1,
        2,
        null,
        null,
        null,
        1,
        1,
        1,
        null,
        null,
        1,
        1,
        1,
        1,
        1,
        null,
        null,
        1,
        1,
        1,
        1,
        1,
        1,
        null,
        1,
        null,
        null,
        1,
        4,
        null,
        3,
        null,
        3,
        null,
        2,
        2,
        2,
        null,
        null,
        1,
        1,
        null,
        null,
        1,
        2,
        2,
        2,
        2,
        null,
        2,
        null,
        2,
        null,
        null,
        null,
        1,
        2,
        2,
        2,
        2,
        null,
        2,
        2,
        null,
        1,
        null,
        null,
        null,
        1,
        0,
        0,
        null,
        null,
        1,
        2,
        2,
        null,
        null,
        1,
        null,
        1,
        1,
        1,
        1,
        null,
        1,
        1,
        null,
        null
      ],
      "/home/ec2-user/environment/codebreaker_new/lib/user.rb": [
        1,
        1,
        null,
        1,
        null,
        1,
        null,
        1,
        2,
        null,
        null,
        1,
        2,
        null,
        null
      ],
      "/home/ec2-user/environment/codebreaker_new/lib/game.rb": [
        1,
        1,
        null,
        1,
        1,
        1,
        1,
        1,
        1,
        1,
        1,
        null,
        null,
        null,
        null,
        null,
        null,
        null,
        null,
        null,
        null,
        null,
        null,
        null,
        null,
        1,
        5,
        5,
        5,
        5,
        5,
        5,
        5,
        null,
        null,
        1,
        2,
        2,
        2,
        null,
        null,
        1,
        1,
        1,
        1,
        null,
        null,
        1,
        null,
        1,
        26,
        null,
        null,
        1,
        10,
        null,
        null,
        1,
        2,
        2,
        2,
        2,
        4,
        2,
        null,
        null,
        1,
        10,
        null,
        null,
        1,
        10,
        null,
        null
      ]
    },
    "timestamp": 1548080114
  }
}
