{
  "RSpec": {
    "coverage": {
      "/home/sanchez/Рабочий стол/codebreaker_new/lib/validator.rb": [
        1,
        1,
        3,
        null,
        null,
        1,
        11,
        null,
        null,
        1,
        3,
        null,
        null,
        1,
        3,
        3,
        null,
        null
      ],
      "/home/sanchez/Рабочий стол/codebreaker_new/lib/loader.rb": [
        1,
        1,
        1,
        1,
        null,
        null,
        1,
        1,
        null,
        null,
        null,
        null,
        null,
        1,
        1,
        null,
        null
      ],
      "/home/sanchez/Рабочий стол/codebreaker_new/lib/console.rb": [
        1,
        1,
        null,
        1,
        1,
        null,
        1,
        null,
        null,
        null,
        null,
        null,
        null,
        1,
        null,
        null,
        null,
        null,
        null,
        null,
        1,
        3,
        null,
        null,
        1,
        0,
        0,
        0,
        0,
        null,
        null,
        null,
        1,
        5,
        1,
        1,
        1,
        1,
        1,
        null,
        null,
        null,
        1,
        1,
        1,
        null,
        null,
        1,
        1,
        1,
        1,
        1,
        null,
        null,
        1,
        1,
        1,
        1,
        1,
        0,
        null,
        0,
        null,
        null,
        1,
        0,
        null,
        0,
        null,
        0,
        null,
        0,
        0,
        0,
        null,
        null,
        1,
        0,
        null,
        null,
        1,
        0,
        0,
        0,
        0,
        null,
        0,
        null,
        0,
        null,
        null,
        null,
        1,
        0,
        0,
        0,
        0,
        null,
        0,
        0,
        null,
        0,
        null,
        null,
        null,
        1,
        0,
        0,
        null,
        null,
        1,
        0,
        0,
        null,
        null,
        1,
        null,
        1,
        0,
        0,
        0,
        null,
        0,
        0,
        null,
        null
      ],
      "/home/sanchez/Рабочий стол/codebreaker_new/lib/user.rb": [
        1,
        1,
        null,
        1,
        null,
        1,
        null,
        1,
        2,
        null,
        null,
        1,
        2,
        null,
        null
      ],
      "/home/sanchez/Рабочий стол/codebreaker_new/lib/game.rb": [
        1,
        1,
        null,
        1,
        1,
        1,
        1,
        1,
        1,
        1,
        1,
        null,
        null,
        null,
        null,
        null,
        null,
        null,
        null,
        null,
        null,
        null,
        null,
        null,
        null,
        1,
        6,
        6,
        6,
        6,
        6,
        6,
        6,
        null,
        null,
        1,
        2,
        2,
        2,
        null,
        null,
        1,
        1,
        1,
        1,
        null,
        null,
        1,
        null,
        1,
        30,
        null,
        null,
        1,
        10,
        null,
        null,
        1,
        2,
        2,
        2,
        2,
        6,
        2,
        null,
        null,
        1,
        10,
        null,
        null,
        1,
        10,
        null,
        null
      ]
    },
    "timestamp": 1548022959
  }
}
